::1 - - [25/Jan/2026 16:03:49] "GET / HTTP/1.1" 200 -
::1 - - [25/Jan/2026 16:04:19] "GET / HTTP/1.1" 200 -
::1 - - [25/Jan/2026 16:04:19] "GET /js/main.js HTTP/1.1" 200 -
::1 - - [25/Jan/2026 16:04:19] "GET /style.css HTTP/1.1" 200 -
::1 - - [25/Jan/2026 16:04:19] "GET /bateaucoisiere.png HTTP/1.1" 200 -
::1 - - [25/Jan/2026 16:04:19] "GET /nostr-logo.png HTTP/1.1" 200 -
::1 - - [25/Jan/2026 16:04:22] "GET /js/modules/formatting.js HTTP/1.1" 200 -
::1 - - [25/Jan/2026 16:04:22] "GET /js/modules/ui.js HTTP/1.1" 200 -
::1 - - [25/Jan/2026 16:04:22] "GET /js/modules/theme.js HTTP/1.1" 200 -
::1 - - [25/Jan/2026 16:04:22] "GET /js/modules/calculator.js HTTP/1.1" 200 -
::1 - - [25/Jan/2026 16:04:22] "GET /js/modules/pwa.js HTTP/1.1" 200 -
::1 - - [25/Jan/2026 16:04:22] "GET /js/modules/sharing.js HTTP/1.1" 200 -
::1 - - [25/Jan/2026 16:04:22] "GET /js/modules/state.js HTTP/1.1" 200 -
::1 - - [25/Jan/2026 16:04:22] "GET /js/modules/examples.js HTTP/1.1" 200 -
::1 - - [25/Jan/2026 16:04:22] "GET /sw.js HTTP/1.1" 200 -
::1 - - [25/Jan/2026 16:04:22] "GET /manifest.json HTTP/1.1" 200 -
::1 - - [25/Jan/2026 16:04:22] "GET /favicon.ico HTTP/1.1" 200 -
::1 - - [25/Jan/2026 16:04:22] "GET /icon-512x512.png HTTP/1.1" 200 -
::1 - - [25/Jan/2026 16:04:22] "GET /index.html HTTP/1.1" 200 -
::1 - - [25/Jan/2026 16:04:22] "GET /icon-192x192.png HTTP/1.1" 200 -
::1 - - [25/Jan/2026 16:07:54] "GET / HTTP/1.1" 304 -
::1 - - [25/Jan/2026 16:07:54] "GET /style.css HTTP/1.1" 200 -
::1 - - [25/Jan/2026 16:07:56] "GET /sw.js HTTP/1.1" 304 -
::1 - - [25/Jan/2026 16:15:01] "GET / HTTP/1.1" 304 -
::1 - - [25/Jan/2026 16:15:01] "GET /style.css HTTP/1.1" 200 -
::1 - - [25/Jan/2026 16:15:03] "GET /sw.js HTTP/1.1" 304 -
::1 - - [25/Jan/2026 16:20:35] "GET / HTTP/1.1" 304 -
::1 - - [25/Jan/2026 16:20:35] "GET /style.css HTTP/1.1" 200 -
::1 - - [25/Jan/2026 16:20:37] "GET /sw.js HTTP/1.1" 304 -
::1 - - [25/Jan/2026 16:40:54] "GET / HTTP/1.1" 304 -
::1 - - [25/Jan/2026 16:40:54] "GET /style.css HTTP/1.1" 200 -
::1 - - [25/Jan/2026 16:40:56] "GET /sw.js HTTP/1.1" 304 -
::1 - - [25/Jan/2026 16:42:03] "GET / HTTP/1.1" 304 -
::1 - - [25/Jan/2026 16:42:03] "GET /style.css HTTP/1.1" 304 -
::1 - - [25/Jan/2026 16:42:05] "GET /sw.js HTTP/1.1" 304 -
